TN:
SF:src\slices\mock.ts
FNF:0
FNH:0
DA:1,1
DA:2,1
DA:3,1
DA:4,1
DA:5,1
DA:6,1
DA:7,1
DA:8,1
DA:9,1
DA:10,1
DA:11,1
DA:12,1
DA:13,1
DA:14,1
DA:15,1
DA:16,1
DA:17,1
DA:18,1
DA:19,1
DA:20,1
DA:21,1
DA:22,1
DA:23,1
DA:24,1
DA:25,1
DA:26,1
DA:27,1
DA:28,1
DA:29,1
DA:30,1
DA:31,1
DA:32,1
DA:33,1
DA:34,1
DA:35,1
DA:36,1
DA:37,1
DA:38,1
DA:39,1
DA:40,1
DA:41,1
DA:42,1
DA:43,1
DA:44,1
DA:45,1
DA:46,1
DA:47,1
DA:48,1
DA:49,1
DA:50,1
DA:51,1
DA:52,1
DA:53,1
DA:54,1
DA:55,1
DA:56,1
DA:57,1
DA:58,1
DA:59,1
DA:60,1
DA:61,1
DA:62,1
DA:63,1
DA:64,1
DA:65,1
DA:66,1
DA:67,1
DA:68,1
DA:69,1
DA:70,1
DA:71,1
DA:72,1
DA:73,1
DA:74,1
DA:75,1
DA:76,1
DA:77,1
DA:78,1
DA:79,1
DA:80,1
DA:81,1
DA:82,1
DA:83,1
DA:84,1
DA:85,1
DA:86,1
DA:87,1
DA:88,1
DA:89,1
DA:90,1
DA:91,1
DA:92,1
DA:93,1
DA:94,1
DA:95,1
DA:96,1
DA:97,1
DA:98,1
DA:99,1
DA:100,1
DA:101,1
DA:102,1
DA:103,1
DA:104,1
DA:105,1
DA:106,1
DA:107,1
DA:108,1
DA:109,1
DA:110,1
DA:111,1
DA:112,1
DA:113,1
DA:114,1
DA:115,1
DA:116,1
DA:117,1
DA:118,1
DA:119,1
DA:120,1
DA:121,1
DA:122,1
DA:123,1
DA:124,1
DA:125,1
DA:126,1
DA:127,1
DA:128,1
DA:129,1
DA:130,1
DA:131,1
DA:132,1
DA:133,1
DA:134,1
DA:135,1
DA:136,1
DA:137,1
DA:138,1
DA:139,1
DA:140,1
DA:141,1
DA:142,1
DA:143,1
DA:144,1
DA:145,1
DA:146,1
DA:147,1
DA:148,1
DA:149,1
DA:150,1
DA:151,1
DA:152,1
DA:153,1
DA:154,1
DA:155,1
DA:156,1
DA:157,1
DA:158,1
DA:159,1
DA:160,1
DA:161,1
DA:162,1
DA:163,1
DA:164,1
DA:165,1
DA:166,1
DA:167,1
DA:168,1
DA:169,1
DA:170,1
DA:171,1
DA:172,1
DA:173,1
DA:174,1
DA:175,1
DA:176,1
DA:177,1
DA:178,1
DA:179,1
DA:180,1
DA:181,1
DA:182,1
DA:183,1
DA:184,1
DA:185,1
DA:186,1
DA:187,1
DA:188,1
DA:189,1
DA:190,1
DA:191,1
DA:192,1
DA:193,1
DA:194,1
DA:195,1
DA:196,1
DA:197,1
DA:198,1
DA:199,1
LF:199
LH:199
BRF:0
BRH:0
end_of_record
TN:
SF:src\slices\slices.ts
FN:2,asyncGeneratorStep
FN:2,_asyncToGenerator
FN:2,ownKeys
FN:2,_objectSpread
FN:2,_defineProperty
FN:2,_toPropertyKey
FN:2,_toPrimitive
FN:70,openModal
FN:73,closeModal
FN:77,reducer
FN:84,prepare
FN:93,deleteIngredient
FN:99,moveIngredientUp
FN:111,moveIngredientDown
FN:123,closeOrderRequest
FN:127,removeOrders
FN:130,removeUserOrders
FN:134,init
FN:137,setErrorText
FN:140,removeErrorText
FN:143,clearConstructor
FN:151,selectIngredients
FN:152,selectLoading
FN:153,selectOrderModalData
FN:154,selectOrderRequest
FN:155,selectOrders
FN:156,selectUserOrders
FN:157,selectIsInit
FN:158,selectIsModalOpened
FN:159,selectErrorText
FN:160,selectTotalOrders
FN:161,selectTodayOrders
FN:162,selectIsAuthenticated
FN:163,selectConstructorItems
FN:164,selectUser
FN:166,extraReducers
FN:279,_callee
FN:291,_callee2
FN:303,_callee3
FN:318,_callee4
FN:331,_callee5
FN:340,_callee6
FN:349,_callee7
FN:358,_callee8
FN:369,_callee9
FNF:45
FNH:34
FNDA:0,asyncGeneratorStep
FNDA:27,_asyncToGenerator
FNDA:4,ownKeys
FNDA:4,_objectSpread
FNDA:23,_defineProperty
FNDA:23,_toPropertyKey
FNDA:23,_toPrimitive
FNDA:1,openModal
FNDA:1,closeModal
FNDA:2,reducer
FNDA:2,prepare
FNDA:1,deleteIngredient
FNDA:1,moveIngredientUp
FNDA:1,moveIngredientDown
FNDA:1,closeOrderRequest
FNDA:1,removeOrders
FNDA:1,removeUserOrders
FNDA:1,init
FNDA:2,setErrorText
FNDA:1,removeErrorText
FNDA:0,clearConstructor
FNDA:1,selectIngredients
FNDA:1,selectLoading
FNDA:2,selectOrderModalData
FNDA:2,selectOrderRequest
FNDA:3,selectOrders
FNDA:3,selectUserOrders
FNDA:3,selectIsInit
FNDA:4,selectIsModalOpened
FNDA:3,selectErrorText
FNDA:1,selectTotalOrders
FNDA:1,selectTodayOrders
FNDA:1,selectIsAuthenticated
FNDA:10,selectConstructorItems
FNDA:1,selectUser
FNDA:3,extraReducers
FNDA:0,_callee
FNDA:0,_callee2
FNDA:0,_callee3
FNDA:0,_callee4
FNDA:0,_callee5
FNDA:0,_callee6
FNDA:0,_callee7
FNDA:0,_callee8
FNDA:0,_callee9
DA:1,1
DA:2,0
DA:3,1
DA:4,1
DA:5,1
DA:6,1
DA:7,1
DA:8,1
DA:9,1
DA:10,1
DA:11,1
DA:12,1
DA:13,1
DA:14,1
DA:15,1
DA:16,1
DA:17,1
DA:18,1
DA:19,1
DA:20,1
DA:21,1
DA:22,1
DA:23,1
DA:24,1
DA:25,1
DA:26,1
DA:27,1
DA:28,1
DA:29,1
DA:30,1
DA:31,1
DA:32,1
DA:33,1
DA:34,1
DA:35,1
DA:36,1
DA:37,1
DA:38,1
DA:39,1
DA:40,1
DA:41,1
DA:42,1
DA:43,1
DA:44,1
DA:45,1
DA:46,1
DA:47,1
DA:48,1
DA:49,1
DA:50,1
DA:51,1
DA:52,1
DA:53,1
DA:54,1
DA:55,1
DA:56,1
DA:57,1
DA:58,1
DA:59,1
DA:60,1
DA:61,1
DA:62,1
DA:63,1
DA:64,1
DA:65,1
DA:66,1
DA:67,1
DA:68,1
DA:69,1
DA:70,1
DA:71,1
DA:72,1
DA:73,1
DA:74,1
DA:75,1
DA:76,1
DA:77,1
DA:78,2
DA:79,1
DA:80,1
DA:81,1
DA:82,1
DA:83,1
DA:84,1
DA:85,2
DA:86,2
DA:87,2
DA:88,2
DA:89,2
DA:90,2
DA:91,2
DA:92,1
DA:93,1
DA:94,1
DA:95,1
DA:96,1
DA:97,1
DA:98,1
DA:99,1
DA:100,1
DA:101,1
DA:102,1
DA:103,1
DA:104,1
DA:105,1
DA:106,1
DA:107,1
DA:108,1
DA:109,1
DA:110,1
DA:111,1
DA:112,1
DA:113,1
DA:114,1
DA:115,1
DA:116,1
DA:117,1
DA:118,1
DA:119,1
DA:120,1
DA:121,1
DA:122,1
DA:123,1
DA:124,1
DA:125,1
DA:126,1
DA:127,1
DA:128,1
DA:129,1
DA:130,1
DA:131,1
DA:132,1
DA:133,1
DA:134,1
DA:135,1
DA:136,1
DA:137,1
DA:138,2
DA:139,1
DA:140,1
DA:141,1
DA:142,1
DA:143,1
DA:144,0
DA:145,0
DA:146,0
DA:147,0
DA:148,0
DA:149,1
DA:150,1
DA:151,1
DA:152,1
DA:153,1
DA:154,1
DA:155,1
DA:156,1
DA:157,1
DA:158,1
DA:159,1
DA:160,1
DA:161,1
DA:162,1
DA:163,1
DA:164,1
DA:165,1
DA:166,1
DA:167,3
DA:168,3
DA:169,1
DA:170,3
DA:171,3
DA:172,1
DA:173,1
DA:174,3
DA:175,3
DA:176,1
DA:177,3
DA:178,3
DA:179,1
DA:180,3
DA:181,3
DA:182,1
DA:183,3
DA:184,3
DA:185,1
DA:186,1
DA:187,3
DA:188,3
DA:189,1
DA:190,3
DA:191,3
DA:192,1
DA:193,1
DA:194,3
DA:195,3
DA:196,1
DA:197,1
DA:198,1
DA:199,3
DA:200,3
DA:201,1
DA:202,3
DA:203,3
DA:204,1
DA:205,1
DA:206,3
DA:207,3
DA:208,1
DA:209,1
DA:210,1
DA:211,3
DA:212,3
DA:213,1
DA:214,3
DA:215,3
DA:216,1
DA:217,1
DA:218,1
DA:219,3
DA:220,3
DA:221,1
DA:222,1
DA:223,1
DA:224,1
DA:225,3
DA:226,3
DA:227,1
DA:228,3
DA:229,3
DA:230,1
DA:231,3
DA:232,3
DA:233,1
DA:234,1
DA:235,1
DA:236,1
DA:237,3
DA:238,3
DA:239,1
DA:240,3
DA:241,3
DA:242,1
DA:243,3
DA:244,3
DA:245,1
DA:246,1
DA:247,3
DA:248,3
DA:249,1
DA:250,3
DA:251,3
DA:252,1
DA:253,3
DA:254,3
DA:255,1
DA:256,1
DA:257,1
DA:258,1
DA:259,1
DA:260,3
DA:261,3
DA:262,1
DA:263,3
DA:264,3
DA:265,1
DA:266,3
DA:267,3
DA:268,1
DA:269,1
DA:270,1
DA:271,1
DA:272,1
DA:273,3
DA:274,3
DA:275,1
DA:276,1
DA:277,1
DA:278,1
DA:279,1
DA:280,0
DA:281,0
DA:282,0
DA:283,0
DA:284,0
DA:285,0
DA:286,0
DA:287,1
DA:288,1
DA:289,1
DA:290,1
DA:291,3
DA:292,0
DA:293,0
DA:294,0
DA:295,0
DA:296,0
DA:297,3
DA:298,3
DA:299,1
DA:300,1
DA:301,1
DA:302,1
DA:303,3
DA:304,0
DA:305,0
DA:306,0
DA:307,0
DA:308,0
DA:309,0
DA:310,0
DA:311,0
DA:312,3
DA:313,3
DA:314,1
DA:315,1
DA:316,1
DA:317,1
DA:318,3
DA:319,0
DA:320,0
DA:321,0
DA:322,0
DA:323,0
DA:324,0
DA:325,0
DA:326,0
DA:327,3
DA:328,3
DA:329,1
DA:330,1
DA:331,1
DA:332,0
DA:333,0
DA:334,0
DA:335,0
DA:336,0
DA:337,0
DA:338,1
DA:339,1
DA:340,1
DA:341,0
DA:342,0
DA:343,0
DA:344,0
DA:345,0
DA:346,0
DA:347,1
DA:348,1
DA:349,1
DA:350,0
DA:351,0
DA:352,0
DA:353,0
DA:354,0
DA:355,0
DA:356,1
DA:357,1
DA:358,1
DA:359,0
DA:360,0
DA:361,0
DA:362,0
DA:363,0
DA:364,0
DA:365,1
DA:366,1
DA:367,1
DA:368,1
DA:369,3
DA:370,0
DA:371,0
DA:372,0
DA:373,0
DA:374,0
DA:375,3
DA:376,3
DA:377,1
DA:378,1
DA:379,1
DA:380,1
DA:381,1
DA:382,1
DA:383,1
DA:384,1
DA:385,1
DA:386,1
DA:387,1
DA:388,1
DA:389,1
DA:390,1
DA:391,1
DA:392,1
DA:393,1
DA:394,1
DA:395,1
DA:396,1
DA:397,1
DA:398,1
DA:399,1
DA:400,1
DA:401,1
DA:402,1
DA:403,1
DA:404,1
DA:405,1
DA:406,1
DA:407,1
DA:408,1
DA:409,1
DA:410,1
DA:411,1
DA:412,1
LF:412
LH:349
BRDA:2,0,0,27
BRDA:2,1,0,4
BRDA:2,2,0,4
BRDA:2,3,0,6
BRDA:2,4,0,0
BRDA:2,5,0,4
BRDA:2,6,0,2
BRDA:2,7,0,0
BRDA:2,8,0,23
BRDA:2,9,0,23
BRDA:2,10,0,0
BRDA:2,11,0,23
BRDA:2,12,0,0
BRDA:2,13,0,23
BRDA:2,14,0,0
BRDA:2,15,0,0
BRDA:2,16,0,0
BRDA:70,17,0,1
BRDA:73,18,0,1
BRDA:77,19,0,2
BRDA:78,20,0,1
BRDA:84,21,0,2
BRDA:93,22,0,1
BRDA:96,23,0,3
BRDA:99,24,0,1
BRDA:101,25,0,3
BRDA:111,26,0,1
BRDA:113,27,0,1
BRDA:123,28,0,1
BRDA:127,29,0,1
BRDA:130,30,0,1
BRDA:134,31,0,1
BRDA:137,32,0,2
BRDA:140,33,0,1
BRDA:151,34,0,1
BRDA:152,35,0,1
BRDA:153,36,0,2
BRDA:154,37,0,2
BRDA:155,38,0,3
BRDA:156,39,0,3
BRDA:157,40,0,3
BRDA:158,41,0,4
BRDA:159,42,0,3
BRDA:160,43,0,1
BRDA:161,44,0,1
BRDA:162,45,0,1
BRDA:163,46,0,10
BRDA:164,47,0,1
BRDA:166,48,0,3
BRDA:168,49,0,1
BRDA:171,50,0,1
BRDA:175,51,0,1
BRDA:178,52,0,1
BRDA:181,53,0,1
BRDA:184,54,0,1
BRDA:188,55,0,1
BRDA:191,56,0,1
BRDA:195,57,0,1
BRDA:200,58,0,1
BRDA:203,59,0,1
BRDA:207,60,0,1
BRDA:212,61,0,1
BRDA:215,62,0,1
BRDA:220,63,0,1
BRDA:226,64,0,1
BRDA:229,65,0,1
BRDA:232,66,0,1
BRDA:238,67,0,1
BRDA:241,68,0,1
BRDA:244,69,0,1
BRDA:248,70,0,1
BRDA:251,71,0,1
BRDA:254,72,0,1
BRDA:261,73,0,1
BRDA:264,74,0,1
BRDA:267,75,0,1
BRDA:290,76,0,3
BRDA:302,77,0,3
BRDA:317,78,0,3
BRDA:368,79,0,3
BRF:80
BRH:73
end_of_record
TN:
SF:src\utils\burger-api.ts
FN:2,_regeneratorRuntime
FN:2,_regeneratorRuntime
FN:2,o
FN:2,define
FN:2,define
FN:2,wrap
FN:2,tryCatch
FN:2,Generator
FN:2,GeneratorFunction
FN:2,GeneratorFunctionPrototype
FN:2,defineIteratorMethods
FN:2,AsyncIterator
FN:2,makeInvokeMethod
FN:2,maybeInvokeDelegate
FN:2,pushTryEntry
FN:2,resetTryEntry
FN:2,Context
FN:2,values
FN:2,next
FN:2,e.isGeneratorFunction
FN:2,e.mark
FN:2,e.awrap
FN:2,e.async
FN:2,e.keys
FN:2,reset
FN:2,stop
FN:2,dispatchException
FN:2,abrupt
FN:2,complete
FN:2,finish
FN:2,_catch
FN:2,delegateYield
FN:2,asyncGeneratorStep
FN:2,_asyncToGenerator
FN:6,checkResponse
FN:18,refreshToken
FN:38,_callee
FN:74,getIngredientsApi
FN:82,getFeedsApi
FN:90,getOrdersApi
FN:107,orderBurgerApi
FN:126,getOrderByNumberApi
FN:146,registerUserApi
FN:165,loginUserApi
FN:179,forgotPasswordApi
FN:193,resetPasswordApi
FN:209,getUserApi
FN:216,updateUserApi
FN:226,logoutApi
FNF:49
FNH:6
FNDA:3,_regeneratorRuntime
FNDA:0,_regeneratorRuntime
FNDA:0,o
FNDA:39,define
FNDA:0,define
FNDA:0,wrap
FNDA:0,tryCatch
FNDA:0,Generator
FNDA:0,GeneratorFunction
FNDA:0,GeneratorFunctionPrototype
FNDA:6,defineIteratorMethods
FNDA:0,AsyncIterator
FNDA:0,makeInvokeMethod
FNDA:0,maybeInvokeDelegate
FNDA:0,pushTryEntry
FNDA:0,resetTryEntry
FNDA:0,Context
FNDA:3,values
FNDA:0,next
FNDA:0,e.isGeneratorFunction
FNDA:3,e.mark
FNDA:0,e.awrap
FNDA:0,e.async
FNDA:0,e.keys
FNDA:0,reset
FNDA:0,stop
FNDA:0,dispatchException
FNDA:0,abrupt
FNDA:0,complete
FNDA:0,finish
FNDA:0,_catch
FNDA:0,delegateYield
FNDA:0,asyncGeneratorStep
FNDA:3,_asyncToGenerator
FNDA:0,checkResponse
FNDA:0,refreshToken
FNDA:0,_callee
FNDA:0,getIngredientsApi
FNDA:0,getFeedsApi
FNDA:0,getOrdersApi
FNDA:0,orderBurgerApi
FNDA:0,getOrderByNumberApi
FNDA:0,registerUserApi
FNDA:0,loginUserApi
FNDA:0,forgotPasswordApi
FNDA:0,resetPasswordApi
FNDA:0,getUserApi
FNDA:0,updateUserApi
FNDA:0,logoutApi
DA:1,1
DA:2,0
DA:3,1
DA:4,1
DA:5,1
DA:6,1
DA:7,0
DA:8,1
DA:9,1
DA:10,1
DA:11,1
DA:12,1
DA:13,1
DA:14,1
DA:15,1
DA:16,1
DA:17,1
DA:18,1
DA:19,0
DA:20,0
DA:21,0
DA:22,0
DA:23,0
DA:24,0
DA:25,0
DA:26,0
DA:27,0
DA:28,0
DA:29,0
DA:30,0
DA:31,0
DA:32,0
DA:33,0
DA:34,0
DA:35,0
DA:36,0
DA:37,1
DA:38,1
DA:39,0
DA:40,0
DA:41,0
DA:42,0
DA:43,0
DA:44,0
DA:45,0
DA:46,0
DA:47,0
DA:48,0
DA:49,0
DA:50,0
DA:51,0
DA:52,0
DA:53,0
DA:54,0
DA:55,0
DA:56,1
DA:57,1
DA:58,1
DA:59,1
DA:60,1
DA:61,1
DA:62,1
DA:63,1
DA:64,1
DA:65,1
DA:66,1
DA:67,1
DA:68,1
DA:69,1
DA:70,1
DA:71,1
DA:72,1
DA:73,1
DA:74,1
DA:75,0
DA:76,0
DA:77,0
DA:78,0
DA:79,0
DA:80,0
DA:81,1
DA:82,1
DA:83,0
DA:84,0
DA:85,0
DA:86,0
DA:87,0
DA:88,0
DA:89,1
DA:90,1
DA:91,0
DA:92,0
DA:93,0
DA:94,0
DA:95,0
DA:96,0
DA:97,0
DA:98,0
DA:99,0
DA:100,0
DA:101,1
DA:102,1
DA:103,1
DA:104,1
DA:105,1
DA:106,1
DA:107,1
DA:108,0
DA:109,0
DA:110,0
DA:111,0
DA:112,0
DA:113,0
DA:114,0
DA:115,0
DA:116,0
DA:117,0
DA:118,0
DA:119,0
DA:120,0
DA:121,1
DA:122,1
DA:123,1
DA:124,1
DA:125,1
DA:126,1
DA:127,0
DA:128,0
DA:129,0
DA:130,0
DA:131,0
DA:132,0
DA:133,1
DA:134,1
DA:135,1
DA:136,1
DA:137,1
DA:138,1
DA:139,1
DA:140,1
DA:141,1
DA:142,1
DA:143,1
DA:144,1
DA:145,1
DA:146,1
DA:147,0
DA:148,0
DA:149,0
DA:150,0
DA:151,0
DA:152,0
DA:153,0
DA:154,0
DA:155,0
DA:156,0
DA:157,0
DA:158,0
DA:159,1
DA:160,1
DA:161,1
DA:162,1
DA:163,1
DA:164,1
DA:165,1
DA:166,0
DA:167,0
DA:168,0
DA:169,0
DA:170,0
DA:171,0
DA:172,0
DA:173,0
DA:174,0
DA:175,0
DA:176,0
DA:177,0
DA:178,1
DA:179,1
DA:180,0
DA:181,0
DA:182,0
DA:183,0
DA:184,0
DA:185,0
DA:186,0
DA:187,0
DA:188,0
DA:189,0
DA:190,0
DA:191,0
DA:192,1
DA:193,1
DA:194,0
DA:195,0
DA:196,0
DA:197,0
DA:198,0
DA:199,0
DA:200,0
DA:201,0
DA:202,0
DA:203,0
DA:204,0
DA:205,0
DA:206,1
DA:207,1
DA:208,1
DA:209,1
DA:210,0
DA:211,0
DA:212,0
DA:213,0
DA:214,0
DA:215,1
DA:216,1
DA:217,0
DA:218,0
DA:219,0
DA:220,0
DA:221,0
DA:222,0
DA:223,0
DA:224,0
DA:225,1
DA:226,1
DA:227,0
DA:228,0
DA:229,0
DA:230,0
DA:231,0
DA:232,0
DA:233,0
DA:234,0
DA:235,0
LF:235
LH:87
BRDA:2,0,0,3
BRDA:2,1,0,0
BRDA:2,2,0,0
BRDA:2,3,0,0
BRDA:2,4,0,0
BRDA:2,5,0,0
BRDA:2,6,0,0
BRDA:2,7,0,39
BRDA:2,8,0,6
BRDA:2,9,0,18
BRDA:2,10,0,3
BRDA:2,11,0,0
BRDA:2,12,0,0
BRDA:2,13,0,0
BRDA:2,14,0,3
BRDA:2,15,0,0
BRDA:2,16,0,3
BRDA:38,17,0,3
BRF:18
BRH:8
end_of_record
TN:
SF:src\utils\cookie.ts
FN:1,getCookie
FN:13,setCookie
FN:45,deleteCookie
FNF:3
FNH:0
FNDA:0,getCookie
FNDA:0,setCookie
FNDA:0,deleteCookie
DA:1,1
DA:2,0
DA:3,0
DA:4,0
DA:5,0
DA:6,0
DA:7,0
DA:8,0
DA:9,0
DA:10,0
DA:11,0
DA:12,1
DA:13,1
DA:14,0
DA:15,0
DA:16,0
DA:17,0
DA:18,0
DA:19,0
DA:20,0
DA:21,0
DA:22,0
DA:23,0
DA:24,0
DA:25,0
DA:26,0
DA:27,0
DA:28,0
DA:29,0
DA:30,0
DA:31,0
DA:32,0
DA:33,0
DA:34,0
DA:35,0
DA:36,0
DA:37,0
DA:38,0
DA:39,0
DA:40,0
DA:41,0
DA:42,0
DA:43,0
DA:44,1
DA:45,1
DA:46,0
DA:47,0
LF:47
LH:5
BRF:0
BRH:0
end_of_record
